<?xml version="1.0" encoding="UTF-8"?>
<testsuite xmlns:xsi="http://www.w3.org/2001/XMLSchema-instance" xsi:noNamespaceSchemaLocation="https://maven.apache.org/surefire/maven-surefire-plugin/xsd/surefire-test-report-3.0.xsd" version="3.0" name="com.xdc5.libmng.ControllerTests" time="3.987" tests="2" errors="0" skipped="0" failures="0">
  <properties>
    <property name="sun.desktop" value="windows"/>
    <property name="awt.toolkit" value="sun.awt.windows.WToolkit"/>
    <property name="java.specification.version" value="11"/>
    <property name="sun.cpu.isalist" value="amd64"/>
    <property name="sun.jnu.encoding" value="GBK"/>
    <property name="java.class.path" value="H:\github\LibMng\target\test-classes;H:\github\LibMng\target\classes;E:\apache-maven-3.9.6\javastore\cn\hutool\hutool-all\5.8.25\hutool-all-5.8.25.jar;E:\apache-maven-3.9.6\javastore\com\alipay\sdk\alipay-sdk-java\4.39.52.ALL\alipay-sdk-java-4.39.52.ALL.jar;E:\apache-maven-3.9.6\javastore\commons-logging\commons-logging\1.1.1\commons-logging-1.1.1.jar;E:\apache-maven-3.9.6\javastore\com\alibaba\fastjson\1.2.83_noneautotype\fastjson-1.2.83_noneautotype.jar;E:\apache-maven-3.9.6\javastore\org\bouncycastle\bcprov-jdk15on\1.62\bcprov-jdk15on-1.62.jar;E:\apache-maven-3.9.6\javastore\dom4j\dom4j\1.6.1\dom4j-1.6.1.jar;E:\apache-maven-3.9.6\javastore\xml-apis\xml-apis\1.0.b2\xml-apis-1.0.b2.jar;E:\apache-maven-3.9.6\javastore\com\squareup\okhttp3\okhttp\3.14.9\okhttp-3.14.9.jar;E:\apache-maven-3.9.6\javastore\com\squareup\okio\okio\1.17.2\okio-1.17.2.jar;E:\apache-maven-3.9.6\javastore\com\fasterxml\jackson\core\jackson-databind\2.15.2\jackson-databind-2.15.2.jar;E:\apache-maven-3.9.6\javastore\com\fasterxml\jackson\core\jackson-annotations\2.13.4\jackson-annotations-2.13.4.jar;E:\apache-maven-3.9.6\javastore\com\fasterxml\jackson\core\jackson-core\2.13.4\jackson-core-2.13.4.jar;E:\apache-maven-3.9.6\javastore\org\projectlombok\lombok\1.18.24\lombok-1.18.24.jar;E:\apache-maven-3.9.6\javastore\io\jsonwebtoken\jjwt-api\0.11.5\jjwt-api-0.11.5.jar;E:\apache-maven-3.9.6\javastore\io\jsonwebtoken\jjwt-impl\0.11.5\jjwt-impl-0.11.5.jar;E:\apache-maven-3.9.6\javastore\io\jsonwebtoken\jjwt-jackson\0.11.5\jjwt-jackson-0.11.5.jar;E:\apache-maven-3.9.6\javastore\org\springframework\boot\spring-boot-starter-web\2.6.13\spring-boot-starter-web-2.6.13.jar;E:\apache-maven-3.9.6\javastore\org\springframework\boot\spring-boot-starter\2.6.13\spring-boot-starter-2.6.13.jar;E:\apache-maven-3.9.6\javastore\org\springframework\boot\spring-boot\2.6.13\spring-boot-2.6.13.jar;E:\apache-maven-3.9.6\javastore\org\springframework\boot\spring-boot-autoconfigure\2.6.13\spring-boot-autoconfigure-2.6.13.jar;E:\apache-maven-3.9.6\javastore\org\springframework\boot\spring-boot-starter-logging\2.6.13\spring-boot-starter-logging-2.6.13.jar;E:\apache-maven-3.9.6\javastore\ch\qos\logback\logback-classic\1.2.11\logback-classic-1.2.11.jar;E:\apache-maven-3.9.6\javastore\ch\qos\logback\logback-core\1.2.11\logback-core-1.2.11.jar;E:\apache-maven-3.9.6\javastore\org\apache\logging\log4j\log4j-to-slf4j\2.17.2\log4j-to-slf4j-2.17.2.jar;E:\apache-maven-3.9.6\javastore\org\apache\logging\log4j\log4j-api\2.17.2\log4j-api-2.17.2.jar;E:\apache-maven-3.9.6\javastore\org\slf4j\jul-to-slf4j\1.7.36\jul-to-slf4j-1.7.36.jar;E:\apache-maven-3.9.6\javastore\jakarta\annotation\jakarta.annotation-api\1.3.5\jakarta.annotation-api-1.3.5.jar;E:\apache-maven-3.9.6\javastore\org\yaml\snakeyaml\1.29\snakeyaml-1.29.jar;E:\apache-maven-3.9.6\javastore\org\springframework\boot\spring-boot-starter-json\2.6.13\spring-boot-starter-json-2.6.13.jar;E:\apache-maven-3.9.6\javastore\com\fasterxml\jackson\datatype\jackson-datatype-jdk8\2.13.4\jackson-datatype-jdk8-2.13.4.jar;E:\apache-maven-3.9.6\javastore\com\fasterxml\jackson\datatype\jackson-datatype-jsr310\2.13.4\jackson-datatype-jsr310-2.13.4.jar;E:\apache-maven-3.9.6\javastore\com\fasterxml\jackson\module\jackson-module-parameter-names\2.13.4\jackson-module-parameter-names-2.13.4.jar;E:\apache-maven-3.9.6\javastore\org\springframework\boot\spring-boot-starter-tomcat\2.6.13\spring-boot-starter-tomcat-2.6.13.jar;E:\apache-maven-3.9.6\javastore\org\apache\tomcat\embed\tomcat-embed-core\9.0.68\tomcat-embed-core-9.0.68.jar;E:\apache-maven-3.9.6\javastore\org\apache\tomcat\embed\tomcat-embed-el\9.0.68\tomcat-embed-el-9.0.68.jar;E:\apache-maven-3.9.6\javastore\org\apache\tomcat\embed\tomcat-embed-websocket\9.0.68\tomcat-embed-websocket-9.0.68.jar;E:\apache-maven-3.9.6\javastore\org\springframework\spring-web\5.3.23\spring-web-5.3.23.jar;E:\apache-maven-3.9.6\javastore\org\springframework\spring-beans\5.3.23\spring-beans-5.3.23.jar;E:\apache-maven-3.9.6\javastore\org\springframework\spring-webmvc\5.3.23\spring-webmvc-5.3.23.jar;E:\apache-maven-3.9.6\javastore\org\springframework\spring-aop\5.3.23\spring-aop-5.3.23.jar;E:\apache-maven-3.9.6\javastore\org\springframework\spring-context\5.3.23\spring-context-5.3.23.jar;E:\apache-maven-3.9.6\javastore\org\springframework\spring-expression\5.3.23\spring-expression-5.3.23.jar;E:\apache-maven-3.9.6\javastore\org\mybatis\spring\boot\mybatis-spring-boot-starter\2.2.2\mybatis-spring-boot-starter-2.2.2.jar;E:\apache-maven-3.9.6\javastore\org\springframework\boot\spring-boot-starter-jdbc\2.6.13\spring-boot-starter-jdbc-2.6.13.jar;E:\apache-maven-3.9.6\javastore\com\zaxxer\HikariCP\4.0.3\HikariCP-4.0.3.jar;E:\apache-maven-3.9.6\javastore\org\springframework\spring-jdbc\5.3.23\spring-jdbc-5.3.23.jar;E:\apache-maven-3.9.6\javastore\org\springframework\spring-tx\5.3.23\spring-tx-5.3.23.jar;E:\apache-maven-3.9.6\javastore\org\mybatis\spring\boot\mybatis-spring-boot-autoconfigure\2.2.2\mybatis-spring-boot-autoconfigure-2.2.2.jar;E:\apache-maven-3.9.6\javastore\org\mybatis\mybatis\3.5.9\mybatis-3.5.9.jar;E:\apache-maven-3.9.6\javastore\org\mybatis\mybatis-spring\2.0.7\mybatis-spring-2.0.7.jar;E:\apache-maven-3.9.6\javastore\com\mysql\mysql-connector-j\8.0.31\mysql-connector-j-8.0.31.jar;E:\apache-maven-3.9.6\javastore\org\springframework\boot\spring-boot-starter-test\2.6.13\spring-boot-starter-test-2.6.13.jar;E:\apache-maven-3.9.6\javastore\org\springframework\boot\spring-boot-test\2.6.13\spring-boot-test-2.6.13.jar;E:\apache-maven-3.9.6\javastore\org\springframework\boot\spring-boot-test-autoconfigure\2.6.13\spring-boot-test-autoconfigure-2.6.13.jar;E:\apache-maven-3.9.6\javastore\com\jayway\jsonpath\json-path\2.6.0\json-path-2.6.0.jar;E:\apache-maven-3.9.6\javastore\net\minidev\json-smart\2.4.8\json-smart-2.4.8.jar;E:\apache-maven-3.9.6\javastore\net\minidev\accessors-smart\2.4.8\accessors-smart-2.4.8.jar;E:\apache-maven-3.9.6\javastore\org\ow2\asm\asm\9.1\asm-9.1.jar;E:\apache-maven-3.9.6\javastore\org\slf4j\slf4j-api\1.7.36\slf4j-api-1.7.36.jar;E:\apache-maven-3.9.6\javastore\jakarta\xml\bind\jakarta.xml.bind-api\2.3.3\jakarta.xml.bind-api-2.3.3.jar;E:\apache-maven-3.9.6\javastore\jakarta\activation\jakarta.activation-api\1.2.2\jakarta.activation-api-1.2.2.jar;E:\apache-maven-3.9.6\javastore\org\assertj\assertj-core\3.21.0\assertj-core-3.21.0.jar;E:\apache-maven-3.9.6\javastore\org\hamcrest\hamcrest\2.2\hamcrest-2.2.jar;E:\apache-maven-3.9.6\javastore\org\junit\jupiter\junit-jupiter\5.8.2\junit-jupiter-5.8.2.jar;E:\apache-maven-3.9.6\javastore\org\junit\jupiter\junit-jupiter-api\5.8.2\junit-jupiter-api-5.8.2.jar;E:\apache-maven-3.9.6\javastore\org\opentest4j\opentest4j\1.2.0\opentest4j-1.2.0.jar;E:\apache-maven-3.9.6\javastore\org\junit\platform\junit-platform-commons\1.8.2\junit-platform-commons-1.8.2.jar;E:\apache-maven-3.9.6\javastore\org\apiguardian\apiguardian-api\1.1.2\apiguardian-api-1.1.2.jar;E:\apache-maven-3.9.6\javastore\org\junit\jupiter\junit-jupiter-params\5.8.2\junit-jupiter-params-5.8.2.jar;E:\apache-maven-3.9.6\javastore\org\junit\jupiter\junit-jupiter-engine\5.8.2\junit-jupiter-engine-5.8.2.jar;E:\apache-maven-3.9.6\javastore\org\junit\platform\junit-platform-engine\1.8.2\junit-platform-engine-1.8.2.jar;E:\apache-maven-3.9.6\javastore\org\mockito\mockito-core\4.0.0\mockito-core-4.0.0.jar;E:\apache-maven-3.9.6\javastore\net\bytebuddy\byte-buddy\1.11.22\byte-buddy-1.11.22.jar;E:\apache-maven-3.9.6\javastore\net\bytebuddy\byte-buddy-agent\1.11.22\byte-buddy-agent-1.11.22.jar;E:\apache-maven-3.9.6\javastore\org\objenesis\objenesis\3.2\objenesis-3.2.jar;E:\apache-maven-3.9.6\javastore\org\mockito\mockito-junit-jupiter\4.0.0\mockito-junit-jupiter-4.0.0.jar;E:\apache-maven-3.9.6\javastore\org\skyscreamer\jsonassert\1.5.1\jsonassert-1.5.1.jar;E:\apache-maven-3.9.6\javastore\com\vaadin\external\google\android-json\0.0.20131108.vaadin1\android-json-0.0.20131108.vaadin1.jar;E:\apache-maven-3.9.6\javastore\org\springframework\spring-core\5.3.23\spring-core-5.3.23.jar;E:\apache-maven-3.9.6\javastore\org\springframework\spring-jcl\5.3.23\spring-jcl-5.3.23.jar;E:\apache-maven-3.9.6\javastore\org\springframework\spring-test\5.3.23\spring-test-5.3.23.jar;E:\apache-maven-3.9.6\javastore\org\xmlunit\xmlunit-core\2.8.4\xmlunit-core-2.8.4.jar;"/>
    <property name="java.vm.vendor" value="Oracle Corporation"/>
    <property name="sun.arch.data.model" value="64"/>
    <property name="user.variant" value=""/>
    <property name="java.vendor.url" value="https://openjdk.java.net/"/>
    <property name="user.timezone" value="Asia/Shanghai"/>
    <property name="java.vm.specification.version" value="11"/>
    <property name="os.name" value="Windows 11"/>
    <property name="sun.java.launcher" value="SUN_STANDARD"/>
    <property name="user.country" value="CN"/>
    <property name="sun.boot.library.path" value="E:\jdk-11.0.21\bin"/>
    <property name="sun.java.command" value="C:\Users\Administrator\AppData\Local\Temp\surefire127455424244888003\surefirebooter-20240723003750364_3.jar C:\Users\Administrator\AppData\Local\Temp\surefire127455424244888003 2024-07-23T00-37-49_732-jvmRun1 surefire-20240723003750364_1tmp surefire_0-20240723003750364_2tmp"/>
    <property name="jdk.debug" value="release"/>
    <property name="surefire.test.class.path" value="H:\github\LibMng\target\test-classes;H:\github\LibMng\target\classes;E:\apache-maven-3.9.6\javastore\cn\hutool\hutool-all\5.8.25\hutool-all-5.8.25.jar;E:\apache-maven-3.9.6\javastore\com\alipay\sdk\alipay-sdk-java\4.39.52.ALL\alipay-sdk-java-4.39.52.ALL.jar;E:\apache-maven-3.9.6\javastore\commons-logging\commons-logging\1.1.1\commons-logging-1.1.1.jar;E:\apache-maven-3.9.6\javastore\com\alibaba\fastjson\1.2.83_noneautotype\fastjson-1.2.83_noneautotype.jar;E:\apache-maven-3.9.6\javastore\org\bouncycastle\bcprov-jdk15on\1.62\bcprov-jdk15on-1.62.jar;E:\apache-maven-3.9.6\javastore\dom4j\dom4j\1.6.1\dom4j-1.6.1.jar;E:\apache-maven-3.9.6\javastore\xml-apis\xml-apis\1.0.b2\xml-apis-1.0.b2.jar;E:\apache-maven-3.9.6\javastore\com\squareup\okhttp3\okhttp\3.14.9\okhttp-3.14.9.jar;E:\apache-maven-3.9.6\javastore\com\squareup\okio\okio\1.17.2\okio-1.17.2.jar;E:\apache-maven-3.9.6\javastore\com\fasterxml\jackson\core\jackson-databind\2.15.2\jackson-databind-2.15.2.jar;E:\apache-maven-3.9.6\javastore\com\fasterxml\jackson\core\jackson-annotations\2.13.4\jackson-annotations-2.13.4.jar;E:\apache-maven-3.9.6\javastore\com\fasterxml\jackson\core\jackson-core\2.13.4\jackson-core-2.13.4.jar;E:\apache-maven-3.9.6\javastore\org\projectlombok\lombok\1.18.24\lombok-1.18.24.jar;E:\apache-maven-3.9.6\javastore\io\jsonwebtoken\jjwt-api\0.11.5\jjwt-api-0.11.5.jar;E:\apache-maven-3.9.6\javastore\io\jsonwebtoken\jjwt-impl\0.11.5\jjwt-impl-0.11.5.jar;E:\apache-maven-3.9.6\javastore\io\jsonwebtoken\jjwt-jackson\0.11.5\jjwt-jackson-0.11.5.jar;E:\apache-maven-3.9.6\javastore\org\springframework\boot\spring-boot-starter-web\2.6.13\spring-boot-starter-web-2.6.13.jar;E:\apache-maven-3.9.6\javastore\org\springframework\boot\spring-boot-starter\2.6.13\spring-boot-starter-2.6.13.jar;E:\apache-maven-3.9.6\javastore\org\springframework\boot\spring-boot\2.6.13\spring-boot-2.6.13.jar;E:\apache-maven-3.9.6\javastore\org\springframework\boot\spring-boot-autoconfigure\2.6.13\spring-boot-autoconfigure-2.6.13.jar;E:\apache-maven-3.9.6\javastore\org\springframework\boot\spring-boot-starter-logging\2.6.13\spring-boot-starter-logging-2.6.13.jar;E:\apache-maven-3.9.6\javastore\ch\qos\logback\logback-classic\1.2.11\logback-classic-1.2.11.jar;E:\apache-maven-3.9.6\javastore\ch\qos\logback\logback-core\1.2.11\logback-core-1.2.11.jar;E:\apache-maven-3.9.6\javastore\org\apache\logging\log4j\log4j-to-slf4j\2.17.2\log4j-to-slf4j-2.17.2.jar;E:\apache-maven-3.9.6\javastore\org\apache\logging\log4j\log4j-api\2.17.2\log4j-api-2.17.2.jar;E:\apache-maven-3.9.6\javastore\org\slf4j\jul-to-slf4j\1.7.36\jul-to-slf4j-1.7.36.jar;E:\apache-maven-3.9.6\javastore\jakarta\annotation\jakarta.annotation-api\1.3.5\jakarta.annotation-api-1.3.5.jar;E:\apache-maven-3.9.6\javastore\org\yaml\snakeyaml\1.29\snakeyaml-1.29.jar;E:\apache-maven-3.9.6\javastore\org\springframework\boot\spring-boot-starter-json\2.6.13\spring-boot-starter-json-2.6.13.jar;E:\apache-maven-3.9.6\javastore\com\fasterxml\jackson\datatype\jackson-datatype-jdk8\2.13.4\jackson-datatype-jdk8-2.13.4.jar;E:\apache-maven-3.9.6\javastore\com\fasterxml\jackson\datatype\jackson-datatype-jsr310\2.13.4\jackson-datatype-jsr310-2.13.4.jar;E:\apache-maven-3.9.6\javastore\com\fasterxml\jackson\module\jackson-module-parameter-names\2.13.4\jackson-module-parameter-names-2.13.4.jar;E:\apache-maven-3.9.6\javastore\org\springframework\boot\spring-boot-starter-tomcat\2.6.13\spring-boot-starter-tomcat-2.6.13.jar;E:\apache-maven-3.9.6\javastore\org\apache\tomcat\embed\tomcat-embed-core\9.0.68\tomcat-embed-core-9.0.68.jar;E:\apache-maven-3.9.6\javastore\org\apache\tomcat\embed\tomcat-embed-el\9.0.68\tomcat-embed-el-9.0.68.jar;E:\apache-maven-3.9.6\javastore\org\apache\tomcat\embed\tomcat-embed-websocket\9.0.68\tomcat-embed-websocket-9.0.68.jar;E:\apache-maven-3.9.6\javastore\org\springframework\spring-web\5.3.23\spring-web-5.3.23.jar;E:\apache-maven-3.9.6\javastore\org\springframework\spring-beans\5.3.23\spring-beans-5.3.23.jar;E:\apache-maven-3.9.6\javastore\org\springframework\spring-webmvc\5.3.23\spring-webmvc-5.3.23.jar;E:\apache-maven-3.9.6\javastore\org\springframework\spring-aop\5.3.23\spring-aop-5.3.23.jar;E:\apache-maven-3.9.6\javastore\org\springframework\spring-context\5.3.23\spring-context-5.3.23.jar;E:\apache-maven-3.9.6\javastore\org\springframework\spring-expression\5.3.23\spring-expression-5.3.23.jar;E:\apache-maven-3.9.6\javastore\org\mybatis\spring\boot\mybatis-spring-boot-starter\2.2.2\mybatis-spring-boot-starter-2.2.2.jar;E:\apache-maven-3.9.6\javastore\org\springframework\boot\spring-boot-starter-jdbc\2.6.13\spring-boot-starter-jdbc-2.6.13.jar;E:\apache-maven-3.9.6\javastore\com\zaxxer\HikariCP\4.0.3\HikariCP-4.0.3.jar;E:\apache-maven-3.9.6\javastore\org\springframework\spring-jdbc\5.3.23\spring-jdbc-5.3.23.jar;E:\apache-maven-3.9.6\javastore\org\springframework\spring-tx\5.3.23\spring-tx-5.3.23.jar;E:\apache-maven-3.9.6\javastore\org\mybatis\spring\boot\mybatis-spring-boot-autoconfigure\2.2.2\mybatis-spring-boot-autoconfigure-2.2.2.jar;E:\apache-maven-3.9.6\javastore\org\mybatis\mybatis\3.5.9\mybatis-3.5.9.jar;E:\apache-maven-3.9.6\javastore\org\mybatis\mybatis-spring\2.0.7\mybatis-spring-2.0.7.jar;E:\apache-maven-3.9.6\javastore\com\mysql\mysql-connector-j\8.0.31\mysql-connector-j-8.0.31.jar;E:\apache-maven-3.9.6\javastore\org\springframework\boot\spring-boot-starter-test\2.6.13\spring-boot-starter-test-2.6.13.jar;E:\apache-maven-3.9.6\javastore\org\springframework\boot\spring-boot-test\2.6.13\spring-boot-test-2.6.13.jar;E:\apache-maven-3.9.6\javastore\org\springframework\boot\spring-boot-test-autoconfigure\2.6.13\spring-boot-test-autoconfigure-2.6.13.jar;E:\apache-maven-3.9.6\javastore\com\jayway\jsonpath\json-path\2.6.0\json-path-2.6.0.jar;E:\apache-maven-3.9.6\javastore\net\minidev\json-smart\2.4.8\json-smart-2.4.8.jar;E:\apache-maven-3.9.6\javastore\net\minidev\accessors-smart\2.4.8\accessors-smart-2.4.8.jar;E:\apache-maven-3.9.6\javastore\org\ow2\asm\asm\9.1\asm-9.1.jar;E:\apache-maven-3.9.6\javastore\org\slf4j\slf4j-api\1.7.36\slf4j-api-1.7.36.jar;E:\apache-maven-3.9.6\javastore\jakarta\xml\bind\jakarta.xml.bind-api\2.3.3\jakarta.xml.bind-api-2.3.3.jar;E:\apache-maven-3.9.6\javastore\jakarta\activation\jakarta.activation-api\1.2.2\jakarta.activation-api-1.2.2.jar;E:\apache-maven-3.9.6\javastore\org\assertj\assertj-core\3.21.0\assertj-core-3.21.0.jar;E:\apache-maven-3.9.6\javastore\org\hamcrest\hamcrest\2.2\hamcrest-2.2.jar;E:\apache-maven-3.9.6\javastore\org\junit\jupiter\junit-jupiter\5.8.2\junit-jupiter-5.8.2.jar;E:\apache-maven-3.9.6\javastore\org\junit\jupiter\junit-jupiter-api\5.8.2\junit-jupiter-api-5.8.2.jar;E:\apache-maven-3.9.6\javastore\org\opentest4j\opentest4j\1.2.0\opentest4j-1.2.0.jar;E:\apache-maven-3.9.6\javastore\org\junit\platform\junit-platform-commons\1.8.2\junit-platform-commons-1.8.2.jar;E:\apache-maven-3.9.6\javastore\org\apiguardian\apiguardian-api\1.1.2\apiguardian-api-1.1.2.jar;E:\apache-maven-3.9.6\javastore\org\junit\jupiter\junit-jupiter-params\5.8.2\junit-jupiter-params-5.8.2.jar;E:\apache-maven-3.9.6\javastore\org\junit\jupiter\junit-jupiter-engine\5.8.2\junit-jupiter-engine-5.8.2.jar;E:\apache-maven-3.9.6\javastore\org\junit\platform\junit-platform-engine\1.8.2\junit-platform-engine-1.8.2.jar;E:\apache-maven-3.9.6\javastore\org\mockito\mockito-core\4.0.0\mockito-core-4.0.0.jar;E:\apache-maven-3.9.6\javastore\net\bytebuddy\byte-buddy\1.11.22\byte-buddy-1.11.22.jar;E:\apache-maven-3.9.6\javastore\net\bytebuddy\byte-buddy-agent\1.11.22\byte-buddy-agent-1.11.22.jar;E:\apache-maven-3.9.6\javastore\org\objenesis\objenesis\3.2\objenesis-3.2.jar;E:\apache-maven-3.9.6\javastore\org\mockito\mockito-junit-jupiter\4.0.0\mockito-junit-jupiter-4.0.0.jar;E:\apache-maven-3.9.6\javastore\org\skyscreamer\jsonassert\1.5.1\jsonassert-1.5.1.jar;E:\apache-maven-3.9.6\javastore\com\vaadin\external\google\android-json\0.0.20131108.vaadin1\android-json-0.0.20131108.vaadin1.jar;E:\apache-maven-3.9.6\javastore\org\springframework\spring-core\5.3.23\spring-core-5.3.23.jar;E:\apache-maven-3.9.6\javastore\org\springframework\spring-jcl\5.3.23\spring-jcl-5.3.23.jar;E:\apache-maven-3.9.6\javastore\org\springframework\spring-test\5.3.23\spring-test-5.3.23.jar;E:\apache-maven-3.9.6\javastore\org\xmlunit\xmlunit-core\2.8.4\xmlunit-core-2.8.4.jar;"/>
    <property name="sun.cpu.endian" value="little"/>
    <property name="user.home" value="C:\Users\Administrator"/>
    <property name="user.language" value="zh"/>
    <property name="java.specification.vendor" value="Oracle Corporation"/>
    <property name="java.version.date" value="2023-10-17"/>
    <property name="java.home" value="E:\jdk-11.0.21"/>
    <property name="file.separator" value="\"/>
    <property name="basedir" value="H:\github\LibMng"/>
    <property name="java.vm.compressedOopsMode" value="Zero based"/>
    <property name="line.separator" value="&#10;"/>
    <property name="java.specification.name" value="Java Platform API Specification"/>
    <property name="java.vm.specification.vendor" value="Oracle Corporation"/>
    <property name="FILE_LOG_CHARSET" value="GBK"/>
    <property name="java.awt.graphicsenv" value="sun.awt.Win32GraphicsEnvironment"/>
    <property name="java.awt.headless" value="true"/>
    <property name="surefire.real.class.path" value="C:\Users\Administrator\AppData\Local\Temp\surefire127455424244888003\surefirebooter-20240723003750364_3.jar"/>
    <property name="user.script" value=""/>
    <property name="sun.management.compiler" value="HotSpot 64-Bit Tiered Compilers"/>
    <property name="java.runtime.version" value="11.0.21+9-LTS-193"/>
    <property name="user.name" value="Administrator"/>
    <property name="path.separator" value=";"/>
    <property name="os.version" value="10.0"/>
    <property name="java.runtime.name" value="Java(TM) SE Runtime Environment"/>
    <property name="file.encoding" value="GBK"/>
    <property name="spring.beaninfo.ignore" value="true"/>
    <property name="java.vm.name" value="Java HotSpot(TM) 64-Bit Server VM"/>
    <property name="java.vendor.version" value="18.9"/>
    <property name="localRepository" value="E:\apache-maven-3.9.6\javastore"/>
    <property name="java.vendor.url.bug" value="https://bugreport.java.com/bugreport/"/>
    <property name="java.io.tmpdir" value="C:\Users\ADMINI~1\AppData\Local\Temp\"/>
    <property name="com.zaxxer.hikari.pool_number" value="1"/>
    <property name="java.version" value="11.0.21"/>
    <property name="user.dir" value="H:\github\LibMng"/>
    <property name="os.arch" value="amd64"/>
    <property name="java.vm.specification.name" value="Java Virtual Machine Specification"/>
    <property name="PID" value="26832"/>
    <property name="java.awt.printerjob" value="sun.awt.windows.WPrinterJob"/>
    <property name="sun.os.patch.level" value=""/>
    <property name="CONSOLE_LOG_CHARSET" value="GBK"/>
    <property name="java.library.path" value="E:\jdk-11.0.21\bin;C:\WINDOWS\Sun\Java\bin;C:\WINDOWS\system32;C:\WINDOWS;E:\anaconda3;E:\anaconda3\Library\mingw-w64\bin;E:\anaconda3\Library\usr\bin;E:\anaconda3\Library\bin;E:\anaconda3\Scripts;E:\anaconda3\bin;F:\CUDA\v12.5\bin;F:\CUDA\v12.5\libnvvp;C:\Users\Administrator\AppData\Local\Programs\Python\Launcher;C:\Users\Administrator\AppData\Local\Microsoft\WindowsApps;C:\Users\Administrator\AppData\Local\JetBrains\Toolbox\scripts;C:\Users\Administrator\AppData\Local\Programs\Microsoft VS Code\bin;H:\Qt\6.6.0\msvc2019_64\bin;H:\Qt\6.6.0\mingw_64\bin;H:\Qt\Tools\mingw1120_64\bin;D:\Program Files\MySQL\MySQL Server 8.0\bin;H:\Git\usr\bin;H:\Qt\6.6.1\msvc2019_64\bin;E:\sqlite;H:\jetbrainsShells;E:\jdk-11.0.21\bin;E:\apache-maven-3.9.6\bin;C:\Users\Administrator\AppData\Roaming\npm;F:\Nodejs;F:\jetbraintools\PyCharm Professional\bin;E:\ninja-win;E:\NVIDIACUDAv12\lib\x64;E:\anaconda3\condabin;E:\anaconda3\Library\bin;E:\anaconda3\Library\mingw-w64\bin;E:\anaconda3\Scripts;E:\anaconda3;E:\NVIDIACUDAv12;C:\Windows\System32;C:\ProgramData\ZeroTier\One;C:\Program Files\NVIDIA Corporation\NVIDIA NvDLISR;H:\Git\bin;F:\edgedriver;C:\Program Files\NVIDIA Corporation\Nsight Compute 2024.2.1;F:\ffmpeg\bin;C:\Users\Administrator\AppData\Local\JetBrains\Toolbox\scripts;C:\Users\Administrator\AppData\Local\Programs\Microsoft VS Code\bin;H:\Qt\6.6.0\msvc2019_64\bin;H:\Qt\6.6.0\mingw_64\bin;H:\Qt\Tools\mingw1120_64\bin;D:\Program Files\MySQL\MySQL Server 8.0\bin;H:\Git\usr\bin;H:\Qt\6.6.1\msvc2019_64\bin;E:\sqlite;H:\jetbrainsShells;E:\jdk-11.0.21\bin;E:\apache-maven-3.9.6\bin;C:\Users\Administrator\AppData\Roaming\npm;F:\Nodejs;F:\jetbraintools\PyCharm Professional\bin;E:\ninja-win;E:\NVIDIACUDAv12\bin;E:\anaconda3\condabin;.;."/>
    <property name="java.vendor" value="Oracle Corporation"/>
    <property name="java.vm.info" value="mixed mode"/>
    <property name="java.vm.version" value="11.0.21+9-LTS-193"/>
    <property name="java.specification.maintenance.version" value="2"/>
    <property name="sun.io.unicode.encoding" value="UnicodeLittle"/>
    <property name="java.class.version" value="55.0"/>
  </properties>
  <testcase name="test" classname="com.xdc5.libmng.ControllerTests" time="0.356">
    <system-out><![CDATA[00:37:50.979 [main] DEBUG org.springframework.test.context.BootstrapUtils - Instantiating CacheAwareContextLoaderDelegate from class [org.springframework.test.context.cache.DefaultCacheAwareContextLoaderDelegate]
00:37:50.985 [main] DEBUG org.springframework.test.context.BootstrapUtils - Instantiating BootstrapContext using constructor [public org.springframework.test.context.support.DefaultBootstrapContext(java.lang.Class,org.springframework.test.context.CacheAwareContextLoaderDelegate)]
00:37:51.009 [main] DEBUG org.springframework.test.context.BootstrapUtils - Instantiating TestContextBootstrapper for test class [com.xdc5.libmng.ControllerTests] from class [org.springframework.boot.test.context.SpringBootTestContextBootstrapper]
00:37:51.018 [main] INFO org.springframework.boot.test.context.SpringBootTestContextBootstrapper - Neither @ContextConfiguration nor @ContextHierarchy found for test class [com.xdc5.libmng.ControllerTests], using SpringBootContextLoader
00:37:51.021 [main] DEBUG org.springframework.test.context.support.AbstractContextLoader - Did not detect default resource location for test class [com.xdc5.libmng.ControllerTests]: class path resource [com/xdc5/libmng/ControllerTests-context.xml] does not exist
00:37:51.022 [main] DEBUG org.springframework.test.context.support.AbstractContextLoader - Did not detect default resource location for test class [com.xdc5.libmng.ControllerTests]: class path resource [com/xdc5/libmng/ControllerTestsContext.groovy] does not exist
00:37:51.022 [main] INFO org.springframework.test.context.support.AbstractContextLoader - Could not detect default resource locations for test class [com.xdc5.libmng.ControllerTests]: no resource found for suffixes {-context.xml, Context.groovy}.
00:37:51.023 [main] INFO org.springframework.test.context.support.AnnotationConfigContextLoaderUtils - Could not detect default configuration classes for test class [com.xdc5.libmng.ControllerTests]: ControllerTests does not declare any static, non-private, non-final, nested classes annotated with @Configuration.
00:37:51.055 [main] DEBUG org.springframework.test.context.support.ActiveProfilesUtils - Could not find an 'annotation declaring class' for annotation type [org.springframework.test.context.ActiveProfiles] and class [com.xdc5.libmng.ControllerTests]
00:37:51.109 [main] DEBUG org.springframework.context.annotation.ClassPathScanningCandidateComponentProvider - Identified candidate component class: file [H:\github\LibMng\target\classes\com\xdc5\libmng\LibMngApplication.class]
00:37:51.110 [main] INFO org.springframework.boot.test.context.SpringBootTestContextBootstrapper - Found @SpringBootConfiguration com.xdc5.libmng.LibMngApplication for test class com.xdc5.libmng.ControllerTests
00:37:51.194 [main] DEBUG org.springframework.boot.test.context.SpringBootTestContextBootstrapper - @TestExecutionListeners is not present for class [com.xdc5.libmng.ControllerTests]: using defaults.
00:37:51.194 [main] INFO org.springframework.boot.test.context.SpringBootTestContextBootstrapper - Loaded default TestExecutionListener class names from location [META-INF/spring.factories]: [org.springframework.boot.test.mock.mockito.MockitoTestExecutionListener, org.springframework.boot.test.mock.mockito.ResetMocksTestExecutionListener, org.springframework.boot.test.autoconfigure.restdocs.RestDocsTestExecutionListener, org.springframework.boot.test.autoconfigure.web.client.MockRestServiceServerResetTestExecutionListener, org.springframework.boot.test.autoconfigure.web.servlet.MockMvcPrintOnlyOnFailureTestExecutionListener, org.springframework.boot.test.autoconfigure.web.servlet.WebDriverTestExecutionListener, org.springframework.boot.test.autoconfigure.webservices.client.MockWebServiceServerTestExecutionListener, org.springframework.test.context.web.ServletTestExecutionListener, org.springframework.test.context.support.DirtiesContextBeforeModesTestExecutionListener, org.springframework.test.context.event.ApplicationEventsTestExecutionListener, org.springframework.test.context.support.DependencyInjectionTestExecutionListener, org.springframework.test.context.support.DirtiesContextTestExecutionListener, org.springframework.test.context.transaction.TransactionalTestExecutionListener, org.springframework.test.context.jdbc.SqlScriptsTestExecutionListener, org.springframework.test.context.event.EventPublishingTestExecutionListener]
00:37:51.208 [main] INFO org.springframework.boot.test.context.SpringBootTestContextBootstrapper - Using TestExecutionListeners: [org.springframework.test.context.web.ServletTestExecutionListener@4fc5e095, org.springframework.test.context.support.DirtiesContextBeforeModesTestExecutionListener@435871cb, org.springframework.test.context.event.ApplicationEventsTestExecutionListener@609640d5, org.springframework.boot.test.mock.mockito.MockitoTestExecutionListener@79da1ec0, org.springframework.boot.test.autoconfigure.SpringBootDependencyInjectionTestExecutionListener@19fb8826, org.springframework.test.context.support.DirtiesContextTestExecutionListener@192d74fb, org.springframework.test.context.transaction.TransactionalTestExecutionListener@4bef0fe3, org.springframework.test.context.jdbc.SqlScriptsTestExecutionListener@62ea3440, org.springframework.test.context.event.EventPublishingTestExecutionListener@27953a83, org.springframework.boot.test.mock.mockito.ResetMocksTestExecutionListener@556d0826, org.springframework.boot.test.autoconfigure.restdocs.RestDocsTestExecutionListener@66ce957f, org.springframework.boot.test.autoconfigure.web.client.MockRestServiceServerResetTestExecutionListener@55b5f5d2, org.springframework.boot.test.autoconfigure.web.servlet.MockMvcPrintOnlyOnFailureTestExecutionListener@5bfa8cc5, org.springframework.boot.test.autoconfigure.web.servlet.WebDriverTestExecutionListener@666b83a4, org.springframework.boot.test.autoconfigure.webservices.client.MockWebServiceServerTestExecutionListener@749c877b]
00:37:51.214 [main] DEBUG org.springframework.test.context.support.AbstractDirtiesContextTestExecutionListener - Before test class: context [DefaultTestContext@388ba540 testClass = ControllerTests, testInstance = [null], testMethod = [null], testException = [null], mergedContextConfiguration = [WebMergedContextConfiguration@47605f2f testClass = ControllerTests, locations = '{}', classes = '{class com.xdc5.libmng.LibMngApplication}', contextInitializerClasses = '[]', activeProfiles = '{}', propertySourceLocations = '{}', propertySourceProperties = '{org.springframework.boot.test.context.SpringBootTestContextBootstrapper=true}', contextCustomizers = set[org.springframework.boot.test.context.filter.ExcludeFilterContextCustomizer@436c81a3, org.springframework.boot.test.json.DuplicateJsonObjectContextCustomizerFactory$DuplicateJsonObjectContextCustomizer@7c214cc0, org.springframework.boot.test.mock.mockito.MockitoContextCustomizer@0, org.springframework.boot.test.web.client.TestRestTemplateContextCustomizer@8e50104, org.springframework.boot.test.autoconfigure.actuate.metrics.MetricsExportContextCustomizerFactory$DisableMetricExportContextCustomizer@6c2ed0cd, org.springframework.boot.test.autoconfigure.properties.PropertyMappingContextCustomizer@0, org.springframework.boot.test.autoconfigure.web.servlet.WebDriverContextCustomizerFactory$Customizer@291f18, org.springframework.boot.test.context.SpringBootTestArgs@1, org.springframework.boot.test.context.SpringBootTestWebEnvironment@459e9125], resourceBasePath = 'src/main/webapp', contextLoader = 'org.springframework.boot.test.context.SpringBootContextLoader', parent = [null]], attributes = map['org.springframework.test.context.web.ServletTestExecutionListener.activateListener' -> true]], class annotated with @DirtiesContext [false] with mode [null].

  .   ____          _            __ _ _
 /\\ / ___'_ __ _ _(_)_ __  __ _ \ \ \ \
( ( )\___ | '_ | '_| | '_ \/ _` | \ \ \ \
 \\/  ___)| |_)| | | | | || (_| |  ) ) ) )
  '  |____| .__|_| |_|_| |_\__, | / / / /
 =========|_|==============|___/=/_/_/_/
 :: Spring Boot ::               (v2.6.13)

2024-07-23 00:37:51.499  INFO 26832 --- [           main] com.xdc5.libmng.ControllerTests          : Starting ControllerTests using Java 11.0.21 on CNCS-天才少年 with PID 26832 (started by Administrator in H:\github\LibMng)
2024-07-23 00:37:51.501  INFO 26832 --- [           main] com.xdc5.libmng.ControllerTests          : No active profile set, falling back to 1 default profile: "default"
Logging initialized using 'class org.apache.ibatis.logging.stdout.StdOutImpl' adapter.
Parsed mapper file: 'file [H:\github\LibMng\target\classes\mapper\BillMapper.xml]'
Parsed mapper file: 'file [H:\github\LibMng\target\classes\mapper\BookDetailMapper.xml]'
Parsed mapper file: 'file [H:\github\LibMng\target\classes\mapper\BookInfoMapper.xml]'
Parsed mapper file: 'file [H:\github\LibMng\target\classes\mapper\BookInstanceMapper.xml]'
Parsed mapper file: 'file [H:\github\LibMng\target\classes\mapper\BorrowingMapper.xml]'
Parsed mapper file: 'file [H:\github\LibMng\target\classes\mapper\PenaltyDetailMapper.xml]'
Parsed mapper file: 'file [H:\github\LibMng\target\classes\mapper\PenaltyMapper.xml]'
Parsed mapper file: 'file [H:\github\LibMng\target\classes\mapper\ReservationMapper.xml]'
Parsed mapper file: 'file [H:\github\LibMng\target\classes\mapper\UserMapper.xml]'
2024-07-23 00:37:53.085  INFO 26832 --- [           main] o.s.b.a.w.s.WelcomePageHandlerMapping    : Adding welcome page: class path resource [static/index.html]
2024-07-23 00:37:53.364  INFO 26832 --- [           main] com.xdc5.libmng.ControllerTests          : Started ControllerTests in 2.116 seconds (JVM running for 2.891)
controller test here
]]></system-out>
  </testcase>
  <testcase name="testBorrowingInfo" classname="com.xdc5.libmng.ControllerTests" time="1.164">
    <system-out><![CDATA[Creating a new SqlSession
SqlSession [org.apache.ibatis.session.defaults.DefaultSqlSession@3866c96e] was not registered for synchronization because synchronization is not active
2024-07-23 00:37:53.792  INFO 26832 --- [           main] com.zaxxer.hikari.HikariDataSource       : HikariPool-1 - Starting...
2024-07-23 00:37:54.773  INFO 26832 --- [           main] com.zaxxer.hikari.HikariDataSource       : HikariPool-1 - Start completed.
JDBC Connection [HikariProxyConnection@1423314849 wrapping com.mysql.cj.jdbc.ConnectionImpl@1cb849b2] will not be managed by Spring
==>  Preparing: SELECT instanceId FROM BookInstance WHERE isbn=?
==> Parameters: 978-3-16-148410-0(String)
<==      Total: 0
Closing non transactional SqlSession [org.apache.ibatis.session.defaults.DefaultSqlSession@3866c96e]
Code: 400
Message: Fail: borrowing info is null or empty
Data: null
]]></system-out>
  </testcase>
</testsuite>